<?xml version="1.0" encoding="UTF-8"?>
<testsuites name="Amazon_Login_001_TestListener" time="33.709" tests="1" failures="0" errors="0">
   <testsuite name="Amazon_Login_001_TestListener" tests="1" failures="0" errors="0" time="33.709" skipped="0" timestamp="04-02-2024T16:57:07" hostname="LENOVO - DESKTOP-46PHDKN.domain.name" id="Test Suites/Amazon_Login_001_TestListener">
      <properties>
         <property name="deviceName" value=""/>
         <property name="devicePlatform" value=""/>
         <property name="logFolder" value="C:\\Users\\LENOVO\\git\\Amazon-Project-Automation-Testing-Katalon\\Reports\\20240204_165656\\Amazon_Login_001_TestListener\\20240204_165656"/>
         <property name="logFiles" value="C:\\Users\\LENOVO\\git\\Amazon-Project-Automation-Testing-Katalon\\Reports\\20240204_165656\\Amazon_Login_001_TestListener\\20240204_165656\\execution0.log"/>
         <property name="attachments" value=""/>
         <property name="hostName" value="LENOVO - DESKTOP-46PHDKN.domain.name"/>
         <property name="os" value="Windows 10 64bit"/>
         <property name="katalonVersion" value="9.3.0.212"/>
         <property name="browser" value="Chrome 121.0.0.0"/>
         <property name="hostAddress" value="192.168.1.5"/>
         <property name="sessionId" value="b1b177e89fa75769b75acef4774fa24a"/>
         <property name="seleniumVersion" value="3.141.59"/>
         <property name="proxyInformation" value="ProxyInformation { proxyOption=NO_PROXY, proxyServerType=HTTP, username=, password=********, proxyServerAddress=, proxyServerPort=0, executionList=&quot;&quot;, isApplyToDesiredCapabilities=true }"/>
         <property name="platform" value="Windows 10"/>
      </properties>
      <testcase name="Test Cases/Amazon_Login_001/TC_Amazon_Login_001" time="32.683" classname="Test Cases/Amazon_Login_001/TC_Amazon_Login_001" status="PASSED">
         <system-out><![CDATA[04-02-2024T16:57:08 - [TEST_CASE][PASSED] - Test Cases/Amazon_Login_001/TC_Amazon_Login_001: Test Cases/Amazon_Login_001/TC_Amazon_Login_001

04-02-2024T16:57:08 - [TEST_STEP][PASSED] - Start listener action : sampleBeforeTestCase: Navigate to 'https://www.amazon.in/' successfully

04-02-2024T16:57:09 - [TEST_STEP][PASSED] - openBrowser(""): Browser is opened with url: ''

04-02-2024T16:57:09 - [MESSAGE][INFO] - Starting 'Chrome' driver

04-02-2024T16:57:09 - [MESSAGE][INFO] - Action delay is set to 0 milliseconds

04-02-2024T16:57:13 - [MESSAGE][PASSED] - Browser is opened with url: ''

04-02-2024T16:57:13 - [TEST_STEP][PASSED] - navigateToUrl("https://www.amazon.in/"): Navigate to 'https://www.amazon.in/' successfully

04-02-2024T16:57:14 - [MESSAGE][PASSED] - Navigate to 'https://www.amazon.in/' successfully

04-02-2024T16:57:14 - [TEST_STEP][PASSED] - openBrowser(""): Browser is opened with url: ''

04-02-2024T16:57:14 - [MESSAGE][WARNING] - A browser is already opened. Closing browser and opening a new one

04-02-2024T16:57:15 - [MESSAGE][INFO] - Starting 'Chrome' driver

04-02-2024T16:57:15 - [MESSAGE][INFO] - Action delay is set to 0 milliseconds

04-02-2024T16:57:16 - [MESSAGE][PASSED] - Browser is opened with url: ''

04-02-2024T16:57:16 - [TEST_STEP][PASSED] - navigateToUrl("https://www.amazon.in/"): Navigate to 'https://www.amazon.in/' successfully

04-02-2024T16:57:18 - [MESSAGE][PASSED] - Navigate to 'https://www.amazon.in/' successfully

04-02-2024T16:57:18 - [TEST_STEP][PASSED] - click(findTestObject("Object Repository/Amazon_OR/Page_Online Shopping site in India Shop Onl_10c5f3/span_Hello, sign in")): Object: 'Object Repository/Amazon_OR/Page_Online Shopping site in India Shop Onl_10c5f3/span_Hello, sign in' is clicked on

04-02-2024T16:57:20 - [MESSAGE][PASSED] - Object: 'Object Repository/Amazon_OR/Page_Online Shopping site in India Shop Onl_10c5f3/span_Hello, sign in' is clicked on

04-02-2024T16:57:20 - [TEST_STEP][PASSED] - setText(findTestObject("Object Repository/Amazon_OR/Page_Amazon Sign In/input_Email or mobile phone number_email"), username): Text '' is set on object 'Object Repository/Amazon_OR/Page_Amazon Sign In/input_Email or mobile phone number_email'

04-02-2024T16:57:22 - [MESSAGE][PASSED] - Text '' is set on object 'Object Repository/Amazon_OR/Page_Amazon Sign In/input_Email or mobile phone number_email'

04-02-2024T16:57:22 - [TEST_STEP][PASSED] - click(findTestObject("Object Repository/Amazon_OR/Page_Amazon Sign In/input_Enter your email or mobile phone numb_fc7402")): Object: 'Object Repository/Amazon_OR/Page_Amazon Sign In/input_Enter your email or mobile phone numb_fc7402' is clicked on

04-02-2024T16:57:23 - [MESSAGE][PASSED] - Object: 'Object Repository/Amazon_OR/Page_Amazon Sign In/input_Enter your email or mobile phone numb_fc7402' is clicked on

04-02-2024T16:57:23 - [TEST_STEP][PASSED] - setText(findTestObject("Object Repository/Amazon_OR/Page_Amazon Sign In/input_Forgot Password_password"), password): Text '' is set on object 'Object Repository/Amazon_OR/Page_Amazon Sign In/input_Forgot Password_password'

04-02-2024T16:57:38 - [MESSAGE][PASSED] - Text '' is set on object 'Object Repository/Amazon_OR/Page_Amazon Sign In/input_Forgot Password_password'

04-02-2024T16:57:38 - [TEST_STEP][PASSED] - click(findTestObject("Amazon_Button_OR/Page_Amazon Sign In/span_Sign in")): Object: 'Object Repository/Amazon_Button_OR/Page_Amazon Sign In/span_Sign in' is clicked on

04-02-2024T16:57:39 - [MESSAGE][PASSED] - Object: 'Object Repository/Amazon_Button_OR/Page_Amazon Sign In/span_Sign in' is clicked on

04-02-2024T16:57:39 - [TEST_STEP][PASSED] - closeBrowser(): Browser is closed

04-02-2024T16:57:41 - [MESSAGE][PASSED] - Browser is closed

04-02-2024T16:57:41 - [TEST_STEP][PASSED] - Start listener action : sampleAfterTestCase: Browser is closed

04-02-2024T16:57:41 - [TEST_STEP][PASSED] - closeBrowser(): Browser is closed

04-02-2024T16:57:41 - [MESSAGE][PASSED] - Browser is closed]]></system-out>
         <system-err><![CDATA[]]></system-err>
      </testcase>
      <system-out><![CDATA[04-02-2024T16:57:07 - [TEST_SUITE][PASSED] - Amazon_Login_001_TestListener: Test Cases/Amazon_Login_001/TC_Amazon_Login_001]]></system-out>
      <system-err><![CDATA[]]></system-err>
   </testsuite>
</testsuites>
