<?xml version="1.0" encoding="UTF-8"?>
<testsuites name="Amazon_TestSuite_Login_001" time="37.601" tests="1" failures="0" errors="0">
   <testsuite name="Amazon_TestSuite_Login_001" tests="1" failures="0" errors="0" time="37.601" skipped="0" timestamp="04-02-2024T22:45:02" hostname="LENOVO - DESKTOP-46PHDKN.domain.name" id="Test Suites/Amazon_TestSuite_Login_001/Amazon_TestSuite_Login_001">
      <properties>
         <property name="deviceName" value=""/>
         <property name="devicePlatform" value=""/>
         <property name="logFolder" value="C:\\Users\\LENOVO\\git\\Amazon-Project-Automation-Testing-Katalon\\Reports\\20240204_224434\\Amazon_TestSuite_Login_001\\Amazon_TestSuite_Login_001\\20240204_224453"/>
         <property name="logFiles" value="C:\\Users\\LENOVO\\git\\Amazon-Project-Automation-Testing-Katalon\\Reports\\20240204_224434\\Amazon_TestSuite_Login_001\\Amazon_TestSuite_Login_001\\20240204_224453\\execution0.log"/>
         <property name="attachments" value=""/>
         <property name="hostName" value="LENOVO - DESKTOP-46PHDKN.domain.name"/>
         <property name="os" value="Windows 10 64bit"/>
         <property name="katalonVersion" value="9.3.0.212"/>
         <property name="browser" value="Chrome 121.0.0.0"/>
         <property name="hostAddress" value="192.168.1.5"/>
         <property name="sessionId" value="b37de06243d6a91213a6adc428858f51"/>
         <property name="seleniumVersion" value="3.141.59"/>
         <property name="proxyInformation" value="ProxyInformation { proxyOption=NO_PROXY, proxyServerType=HTTP, username=, password=********, proxyServerAddress=, proxyServerPort=0, executionList=&quot;&quot;, isApplyToDesiredCapabilities=true }"/>
         <property name="platform" value="Windows 10"/>
      </properties>
      <testcase name="Test Cases/Amazon_Login_001/TC_Amazon_Login_001" time="36.962" classname="Test Cases/Amazon_Login_001/TC_Amazon_Login_001" status="PASSED">
         <system-out><![CDATA[04-02-2024T22:45:03 - [TEST_CASE][PASSED] - Test Cases/Amazon_Login_001/TC_Amazon_Login_001: Test Cases/Amazon_Login_001/TC_Amazon_Login_001

04-02-2024T22:45:03 - [TEST_STEP][PASSED] - Start listener action : sampleBeforeTestCase: Navigate to 'https://www.amazon.in/' successfully

04-02-2024T22:45:03 - [TEST_STEP][PASSED] - openBrowser(""): Browser is opened with url: ''

04-02-2024T22:45:04 - [MESSAGE][INFO] - Starting 'Chrome' driver

04-02-2024T22:45:04 - [MESSAGE][INFO] - Action delay is set to 0 milliseconds

04-02-2024T22:45:13 - [MESSAGE][PASSED] - Browser is opened with url: ''

04-02-2024T22:45:13 - [TEST_STEP][PASSED] - navigateToUrl("https://www.amazon.in/"): Navigate to 'https://www.amazon.in/' successfully

04-02-2024T22:45:15 - [MESSAGE][PASSED] - Navigate to 'https://www.amazon.in/' successfully

04-02-2024T22:45:15 - [TEST_STEP][PASSED] - openBrowser(""): Browser is opened with url: ''

04-02-2024T22:45:15 - [MESSAGE][WARNING] - A browser is already opened. Closing browser and opening a new one

04-02-2024T22:45:15 - [MESSAGE][INFO] - Starting 'Chrome' driver

04-02-2024T22:45:15 - [MESSAGE][INFO] - Action delay is set to 0 milliseconds

04-02-2024T22:45:17 - [MESSAGE][PASSED] - Browser is opened with url: ''

04-02-2024T22:45:17 - [TEST_STEP][PASSED] - navigateToUrl("https://www.amazon.in/"): Navigate to 'https://www.amazon.in/' successfully

04-02-2024T22:45:18 - [MESSAGE][PASSED] - Navigate to 'https://www.amazon.in/' successfully

04-02-2024T22:45:18 - [TEST_STEP][PASSED] - click(findTestObject("Object Repository/Amazon_OR/Page_Online Shopping site in India Shop Onl_10c5f3/span_Hello, sign in")): Object: 'Object Repository/Amazon_OR/Page_Online Shopping site in India Shop Onl_10c5f3/span_Hello, sign in' is clicked on

04-02-2024T22:45:24 - [MESSAGE][PASSED] - Object: 'Object Repository/Amazon_OR/Page_Online Shopping site in India Shop Onl_10c5f3/span_Hello, sign in' is clicked on

04-02-2024T22:45:24 - [TEST_STEP][PASSED] - setText(findTestObject("Object Repository/Amazon_OR/Page_Amazon Sign In/input_Email or mobile phone number_email"), username): Text '9643958045' is set on object 'Object Repository/Amazon_OR/Page_Amazon Sign In/input_Email or mobile phone number_email'

04-02-2024T22:45:25 - [MESSAGE][PASSED] - Text '9643958045' is set on object 'Object Repository/Amazon_OR/Page_Amazon Sign In/input_Email or mobile phone number_email'

04-02-2024T22:45:25 - [TEST_STEP][PASSED] - verifyCheckpoint(findCheckpoint("Checkpoints/Amazon_Login"), false): Checkpoint data and Source data are matched

04-02-2024T22:45:30 - [MESSAGE][PASSED] - Checkpoint data and Source data are matched

04-02-2024T22:45:30 - [TEST_STEP][PASSED] - click(findTestObject("Object Repository/Amazon_OR/Page_Amazon Sign In/input_Enter your email or mobile phone numb_fc7402")): Object: 'Object Repository/Amazon_OR/Page_Amazon Sign In/input_Enter your email or mobile phone numb_fc7402' is clicked on

04-02-2024T22:45:34 - [MESSAGE][PASSED] - Object: 'Object Repository/Amazon_OR/Page_Amazon Sign In/input_Enter your email or mobile phone numb_fc7402' is clicked on

04-02-2024T22:45:34 - [TEST_STEP][PASSED] - setText(findTestObject("Object Repository/Amazon_OR/Page_Amazon Sign In/input_Forgot Password_password"), password): Text 'Redvelvet56' is set on object 'Object Repository/Amazon_OR/Page_Amazon Sign In/input_Forgot Password_password'

04-02-2024T22:45:35 - [MESSAGE][PASSED] - Text 'Redvelvet56' is set on object 'Object Repository/Amazon_OR/Page_Amazon Sign In/input_Forgot Password_password'

04-02-2024T22:45:35 - [TEST_STEP][PASSED] - click(findTestObject("Amazon_Button_OR/Page_Amazon Sign In/span_Sign in")): Object: 'Object Repository/Amazon_Button_OR/Page_Amazon Sign In/span_Sign in' is clicked on

04-02-2024T22:45:39 - [MESSAGE][PASSED] - Object: 'Object Repository/Amazon_Button_OR/Page_Amazon Sign In/span_Sign in' is clicked on

04-02-2024T22:45:39 - [TEST_STEP][PASSED] - closeBrowser(): Browser is closed

04-02-2024T22:45:40 - [MESSAGE][PASSED] - Browser is closed

04-02-2024T22:45:40 - [TEST_STEP][PASSED] - Start listener action : sampleAfterTestCase: Browser is closed

04-02-2024T22:45:40 - [TEST_STEP][PASSED] - closeBrowser(): Browser is closed

04-02-2024T22:45:40 - [MESSAGE][PASSED] - Browser is closed]]></system-out>
         <system-err><![CDATA[]]></system-err>
      </testcase>
      <system-out><![CDATA[04-02-2024T22:45:02 - [TEST_SUITE][PASSED] - Amazon_TestSuite_Login_001: Test Cases/Amazon_Login_001/TC_Amazon_Login_001]]></system-out>
      <system-err><![CDATA[]]></system-err>
   </testsuite>
</testsuites>
