<?xml version="1.0" encoding="UTF-8"?>
<testsuites name="Amazon_Logn_001_Excel" time="27.283" tests="1" failures="0" errors="0">
   <testsuite name="Amazon_Logn_001_Excel" tests="1" failures="0" errors="0" time="27.283" skipped="0" timestamp="04-02-2024T16:49:58" hostname="LENOVO - DESKTOP-46PHDKN.domain.name" id="Test Suites/Amazon_Logn_001_Excel">
      <properties>
         <property name="deviceName" value=""/>
         <property name="devicePlatform" value=""/>
         <property name="logFolder" value="C:\\Users\\LENOVO\\git\\Amazon-Project-Automation-Testing-Katalon\\Reports\\20240204_164950\\Amazon_Logn_001_Excel\\20240204_164950"/>
         <property name="logFiles" value="C:\\Users\\LENOVO\\git\\Amazon-Project-Automation-Testing-Katalon\\Reports\\20240204_164950\\Amazon_Logn_001_Excel\\20240204_164950\\execution0.log"/>
         <property name="attachments" value=""/>
         <property name="hostName" value="LENOVO - DESKTOP-46PHDKN.domain.name"/>
         <property name="os" value="Windows 10 64bit"/>
         <property name="katalonVersion" value="9.3.0.212"/>
         <property name="browser" value="Chrome 121.0.0.0"/>
         <property name="hostAddress" value="192.168.1.5"/>
         <property name="sessionId" value="2ddcab28018f55b3340ee5443505b5de"/>
         <property name="seleniumVersion" value="3.141.59"/>
         <property name="proxyInformation" value="ProxyInformation { proxyOption=NO_PROXY, proxyServerType=HTTP, username=, password=********, proxyServerAddress=, proxyServerPort=0, executionList=&quot;&quot;, isApplyToDesiredCapabilities=true }"/>
         <property name="platform" value="Windows 10"/>
      </properties>
      <testcase name="Test Cases/Amazon_Login_001/TC_Amazon_Login_001" time="26.75" classname="Test Cases/Amazon_Login_001/TC_Amazon_Login_001" status="PASSED">
         <system-out><![CDATA[04-02-2024T16:49:59 - [TEST_CASE][PASSED] - Test Cases/Amazon_Login_001/TC_Amazon_Login_001: Test Cases/Amazon_Login_001/TC_Amazon_Login_001

04-02-2024T16:50:00 - [TEST_STEP][PASSED] - openBrowser(""): Browser is opened with url: ''

04-02-2024T16:50:00 - [MESSAGE][INFO] - Starting 'Chrome' driver

04-02-2024T16:50:01 - [MESSAGE][INFO] - Action delay is set to 0 milliseconds

04-02-2024T16:50:04 - [MESSAGE][PASSED] - Browser is opened with url: ''

04-02-2024T16:50:04 - [TEST_STEP][PASSED] - navigateToUrl("https://www.amazon.in/"): Navigate to 'https://www.amazon.in/' successfully

04-02-2024T16:50:05 - [MESSAGE][PASSED] - Navigate to 'https://www.amazon.in/' successfully

04-02-2024T16:50:05 - [TEST_STEP][PASSED] - click(findTestObject("Object Repository/Amazon_OR/Page_Online Shopping site in India Shop Onl_10c5f3/span_Hello, sign in")): Object: 'Object Repository/Amazon_OR/Page_Online Shopping site in India Shop Onl_10c5f3/span_Hello, sign in' is clicked on

04-02-2024T16:50:20 - [MESSAGE][PASSED] - Object: 'Object Repository/Amazon_OR/Page_Online Shopping site in India Shop Onl_10c5f3/span_Hello, sign in' is clicked on

04-02-2024T16:50:20 - [TEST_STEP][PASSED] - setText(findTestObject("Object Repository/Amazon_OR/Page_Amazon Sign In/input_Email or mobile phone number_email"), username): Text '9643958045' is set on object 'Object Repository/Amazon_OR/Page_Amazon Sign In/input_Email or mobile phone number_email'

04-02-2024T16:50:22 - [MESSAGE][PASSED] - Text '9643958045' is set on object 'Object Repository/Amazon_OR/Page_Amazon Sign In/input_Email or mobile phone number_email'

04-02-2024T16:50:22 - [TEST_STEP][PASSED] - click(findTestObject("Object Repository/Amazon_OR/Page_Amazon Sign In/input_Enter your email or mobile phone numb_fc7402")): Object: 'Object Repository/Amazon_OR/Page_Amazon Sign In/input_Enter your email or mobile phone numb_fc7402' is clicked on

04-02-2024T16:50:23 - [MESSAGE][PASSED] - Object: 'Object Repository/Amazon_OR/Page_Amazon Sign In/input_Enter your email or mobile phone numb_fc7402' is clicked on

04-02-2024T16:50:23 - [TEST_STEP][PASSED] - setText(findTestObject("Object Repository/Amazon_OR/Page_Amazon Sign In/input_Forgot Password_password"), password): Text 'Redvelvet56' is set on object 'Object Repository/Amazon_OR/Page_Amazon Sign In/input_Forgot Password_password'

04-02-2024T16:50:24 - [MESSAGE][PASSED] - Text 'Redvelvet56' is set on object 'Object Repository/Amazon_OR/Page_Amazon Sign In/input_Forgot Password_password'

04-02-2024T16:50:24 - [TEST_STEP][PASSED] - click(findTestObject("Amazon_Button_OR/Page_Amazon Sign In/span_Sign in")): Object: 'Object Repository/Amazon_Button_OR/Page_Amazon Sign In/span_Sign in' is clicked on

04-02-2024T16:50:25 - [MESSAGE][PASSED] - Object: 'Object Repository/Amazon_Button_OR/Page_Amazon Sign In/span_Sign in' is clicked on

04-02-2024T16:50:25 - [TEST_STEP][PASSED] - closeBrowser(): Browser is closed

04-02-2024T16:50:25 - [MESSAGE][PASSED] - Browser is closed]]></system-out>
         <system-err><![CDATA[]]></system-err>
      </testcase>
      <system-out><![CDATA[04-02-2024T16:49:58 - [TEST_SUITE][PASSED] - Amazon_Logn_001_Excel: Test Cases/Amazon_Login_001/TC_Amazon_Login_001]]></system-out>
      <system-err><![CDATA[]]></system-err>
   </testsuite>
</testsuites>
